<?xml version="1.0" encoding="utf-8"?><testsuites name="pytest tests"><testsuite name="pytest" errors="0" failures="0" skipped="0" tests="16" time="4.075" timestamp="2026-09-06T11:22:45.580613+00:00" hostname="agent-env-0b6e0df9-ec27-4118-94e6-3088fe456d49"><testcase classname="backend.tests.test_booking_enhancements.TestBookingSettings" name="test_get_public_booking_settings" time="0.253" /><testcase classname="backend.tests.test_booking_enhancements.TestUpcomingAppointments" name="test_upcoming_default_7_days" time="0.351" /><testcase classname="backend.tests.test_booking_enhancements.TestUpcomingAppointments" name="test_upcoming_custom_days" time="0.129" /><testcase classname="backend.tests.test_booking_enhancements.TestBlockedTimesCRUD" name="test_list_blocked_times" time="0.137" /><testcase classname="backend.tests.test_booking_enhancements.TestBlockedTimesCRUD" name="test_create_one_time_block" time="0.115" /><testcase classname="backend.tests.test_booking_enhancements.TestBlockedTimesCRUD" name="test_create_recurring_block" time="0.140" /><testcase classname="backend.tests.test_booking_enhancements.TestBlockedTimesCRUD" name="test_create_invalid_missing_times" time="0.111" /><testcase classname="backend.tests.test_booking_enhancements.TestBlockedTimesCRUD" name="test_create_invalid_end_before_start" time="0.120" /><testcase classname="backend.tests.test_booking_enhancements.TestBlockedTimesCRUD" name="test_get_for_date" time="0.124" /><testcase classname="backend.tests.test_booking_enhancements.TestBlockedTimesCRUD" name="test_delete_blocked_times" time="0.227" /><testcase classname="backend.tests.test_booking_enhancements.TestBlockedTimesCRUD" name="test_delete_missing_returns_404" time="0.133" /><testcase classname="backend.tests.test_booking_enhancements.TestAvailabilityRespectsBlockedTimes" name="test_blocked_slot_excluded" time="0.571" /><testcase classname="backend.tests.test_booking_enhancements.TestAdminCreateBooking" name="test_admin_create_with_new_client" time="0.481" /><testcase classname="backend.tests.test_booking_enhancements.TestAdminCreateBooking" name="test_admin_create_missing_fields" time="0.166" /><testcase classname="backend.tests.test_booking_enhancements.TestAdminCreateBooking" name="test_admin_create_with_existing_client" time="0.490" /><testcase classname="backend.tests.test_booking_enhancements.TestSettingsPerDayLocation" name="test_update_settings_with_per_day_location" time="0.355" /></testsuite></testsuites>